<?xml version="1.0" encoding="utf-8"?><testsuite errors="0" failures="0" name="pytest" skips="0" tests="15" time="5.357"><testcase classname="tests.test_client" file="tests/test_client.py" line="47" name="test_create" time="0.01567983627319336"></testcase><testcase classname="tests.test_client" file="tests/test_client.py" line="56" name="test_discovery_success" time="0.004194021224975586"></testcase><testcase classname="tests.test_client" file="tests/test_client.py" line="75" name="test_discovery_failure_type" time="0.0031561851501464844"></testcase><testcase classname="tests.test_client" file="tests/test_client.py" line="91" name="test_discovery_failure_timeout" time="5.010020017623901"></testcase><testcase classname="tests.test_client" file="tests/test_client.py" line="105" name="test_authentication_success" time="0.020486831665039062"></testcase><testcase classname="tests.test_client" file="tests/test_client.py" line="130" name="test_authentication_failure" time="0.004771232604980469"></testcase><testcase classname="tests.test_client" file="tests/test_client.py" line="145" name="test_unauthenticated_request" time="0.003036022186279297"></testcase><testcase classname="tests.test_diagnostics" file="tests/test_diagnostics.py" line="45" name="test_endpoints" time="0.00616002082824707"></testcase><testcase classname="tests.test_parser" file="tests/test_parser.py" line="32" name="test_endpoints" time="0.005884885787963867"></testcase><testcase classname="tests.test_program" file="tests/test_program.py" line="342" name="test_endpoints" time="0.01203465461730957"></testcase><testcase classname="tests.test_provisioning" file="tests/test_provisioning.py" line="158" name="test_endpoints" time="0.005779266357421875"></testcase><testcase classname="tests.test_restriction" file="tests/test_restriction.py" line="53" name="test_endpoints" time="0.011062860488891602"></testcase><testcase classname="tests.test_stats" file="tests/test_stats.py" line="479" name="test_endpoints" time="0.008549213409423828"></testcase><testcase classname="tests.test_watering" file="tests/test_watering.py" line="300" name="test_endpoints" time="0.009425878524780273"></testcase><testcase classname="tests.test_zone" file="tests/test_zone.py" line="107" name="test_endpoints" time="0.009932994842529297"></testcase></testsuite>