<?xml version="1.0" encoding="utf-8"?><testsuite errors="0" failures="0" name="pytest" skips="0" tests="11" time="5.339"><testcase classname="tests.test_client" file="tests/test_client.py" line="47" name="test_create" time="0.15276169776916504"></testcase><testcase classname="tests.test_client" file="tests/test_client.py" line="56" name="test_discovery_success" time="0.015168905258178711"></testcase><testcase classname="tests.test_client" file="tests/test_client.py" line="75" name="test_discovery_failure_type" time="0.019208192825317383"></testcase><testcase classname="tests.test_client" file="tests/test_client.py" line="91" name="test_discovery_failure_timeout" time="5.018807888031006"></testcase><testcase classname="tests.test_client" file="tests/test_client.py" line="105" name="test_authentication_success" time="0.010376214981079102"></testcase><testcase classname="tests.test_client" file="tests/test_client.py" line="132" name="test_authentication_failure" time="0.008116722106933594"></testcase><testcase classname="tests.test_client" file="tests/test_client.py" line="147" name="test_unauthenticated_request" time="0.0019390583038330078"></testcase><testcase classname="tests.test_diagnostics" file="tests/test_diagnostics.py" line="45" name="test_endpoints" time="0.007940292358398438"></testcase><testcase classname="tests.test_parser" file="tests/test_parser.py" line="32" name="test_endpoints" time="0.005802154541015625"></testcase><testcase classname="tests.test_program" file="tests/test_program.py" line="303" name="test_endpoints" time="0.015750408172607422"></testcase><testcase classname="tests.test_provisioning" file="tests/test_provisioning.py" line="123" name="test_endpoints" time="0.00997304916381836"></testcase></testsuite>